Using pre-set license
Built from '2020.3/release' branch; Version is '2020.3.1f1 (77a89f25062f) revision 7841951'; Using compiler version '192528614'; Build Type 'Release'
OS: 'Windows 10 Home; OS build 19042.1052; Version 2009; 64bit' Language: 'ko' Physical Memory: 16315 MB
BatchMode: 1, IsHumanControllingUs: 0, StartBugReporterOnCrash: 0, Is64bit: 1, IsPro: 0

 COMMAND LINE ARGUMENTS:
C:\Program Files\Unity\Hub\Editor\2020.3.1f1\Editor\Unity.exe
-adb2
-batchMode
-noUpm
-name
AssetImportWorker0
-projectPath
C:/Users/sodau/RTS_Tutorial
-logFile
Logs/AssetImportWorker0.log
-srvPort
7424
Successfully changed project path to: C:/Users/sodau/RTS_Tutorial
C:/Users/sodau/RTS_Tutorial
Using Asset Import Pipeline V2.
Refreshing native plugins compatible for Editor in 22.46 ms, found 0 plugins.
Preloading 0 native plugins for Editor in 0.00 ms.
Initialize engine version: 2020.3.1f1 (77a89f25062f)
[Subsystems] Discovering subsystems at path C:/Program Files/Unity/Hub/Editor/2020.3.1f1/Editor/Data/Resources/UnitySubsystems
[Subsystems] Discovering subsystems at path C:/Users/sodau/RTS_Tutorial/Assets
GfxDevice: creating device client; threaded=0
Direct3D:
    Version:  Direct3D 11.0 [level 11.1]
    Renderer: Radeon RX 570 Series (ID=0x67df)
    Vendor:   
    VRAM:     4075 MB
    Driver:   27.20.21003.8013
Initialize mono
Mono path[0] = 'C:/Program Files/Unity/Hub/Editor/2020.3.1f1/Editor/Data/Managed'
Mono path[1] = 'C:/Program Files/Unity/Hub/Editor/2020.3.1f1/Editor/Data/MonoBleedingEdge/lib/mono/unityjit'
Mono config path = 'C:/Program Files/Unity/Hub/Editor/2020.3.1f1/Editor/Data/MonoBleedingEdge/etc'
Using monoOptions --debugger-agent=transport=dt_socket,embedding=1,server=y,suspend=n,address=127.0.0.1:56544
Begin MonoManager ReloadAssembly
Registering precompiled unity dll's ...
Register platform support module: C:/Program Files/Unity/Hub/Editor/2020.3.1f1/Editor/Data/PlaybackEngines/WebGLSupport/UnityEditor.WebGL.Extensions.dll
Register platform support module: C:/Program Files/Unity/Hub/Editor/2020.3.1f1/Editor/Data/PlaybackEngines/WindowsStandaloneSupport/UnityEditor.WindowsStandalone.Extensions.dll
Registered in 0.005693 seconds.
Native extension for WindowsStandalone target not found
Native extension for WebGL target not found
Refreshing native plugins compatible for Editor in 24.93 ms, found 0 plugins.
Preloading 0 native plugins for Editor in 0.00 ms.
Invoked RoslynAnalysisRunner static constructor.
RoslynAnalysisRunner will not be running.
RoslynAnalysisRunner has terminated.
Mono: successfully reloaded assembly
- Completed reload, in  2.308 seconds
Platform modules already initialized, skipping
Registering precompiled user dll's ...
Registered in 0.000849 seconds.
Begin MonoManager ReloadAssembly
Native extension for WindowsStandalone target not found
Native extension for WebGL target not found
Refreshing native plugins compatible for Editor in 0.23 ms, found 0 plugins.
Preloading 0 native plugins for Editor in 0.00 ms.
Invoked RoslynAnalysisRunner static constructor.
RoslynAnalysisRunner will not be running.
RoslynAnalysisRunner has terminated.
Mono: successfully reloaded assembly
- Completed reload, in  0.904 seconds
Platform modules already initialized, skipping
========================================================================
Worker process is ready to serve import requests
Launched and connected shader compiler UnityShaderCompiler.exe after 0.06 seconds
Refreshing native plugins compatible for Editor in 0.28 ms, found 0 plugins.
Preloading 0 native plugins for Editor in 0.00 ms.
Unloading 1135 Unused Serialized files (Serialized files now loaded: 0)
System memory in use before: 76.6 MB.
System memory in use after: 76.6 MB.

Unloading 10 unused Assets to reduce memory usage. Loaded Objects now: 1598.
Total: 1.798000 ms (FindLiveObjects: 0.185700 ms CreateObjectMapping: 0.028000 ms MarkObjects: 1.492300 ms  DeleteObjects: 0.089700 ms)

========================================================================
Received Import Request.
  path: Assets/WorldObject/Unit/Worker/Worker.cs
  artifactKey: Guid(29d0d6e730349964383fb53403daedd2) Importer(815301076,1909f56bfc062723c751e8b465ee728b)
Start importing Assets/WorldObject/Unit/Worker/Worker.cs using Guid(29d0d6e730349964383fb53403daedd2) Importer(815301076,1909f56bfc062723c751e8b465ee728b)  -> (artifact id: 'ac4aea3b470712e93f3d2b010dbbc303') in 0.043655 seconds
  Import took 0.046390 seconds .

========================================================================
Received Prepare
Registering precompiled user dll's ...
Registered in 0.000731 seconds.
Begin MonoManager ReloadAssembly
Native extension for WindowsStandalone target not found
Native extension for WebGL target not found
Refreshing native plugins compatible for Editor in 0.23 ms, found 0 plugins.
Preloading 0 native plugins for Editor in 0.00 ms.
Invoked RoslynAnalysisRunner static constructor.
RoslynAnalysisRunner will not be running.
RoslynAnalysisRunner has terminated.
Mono: successfully reloaded assembly
- Completed reload, in  0.707 seconds
Platform modules already initialized, skipping
Refreshing native plugins compatible for Editor in 0.20 ms, found 0 plugins.
Preloading 0 native plugins for Editor in 0.00 ms.
Unloading 1130 Unused Serialized files (Serialized files now loaded: 0)
System memory in use before: 76.5 MB.
System memory in use after: 76.6 MB.

Unloading 5 unused Assets to reduce memory usage. Loaded Objects now: 1601.
Total: 2.126700 ms (FindLiveObjects: 0.175300 ms CreateObjectMapping: 0.116700 ms MarkObjects: 1.776900 ms  DeleteObjects: 0.056900 ms)

========================================================================
Received Import Request.
  Time since last request: 2343.550986 seconds.
  path: Assets/Player/Player.prefab
  artifactKey: Guid(f114cd11767f4aa4eb69e6185c6a21a6) Importer(815301076,1909f56bfc062723c751e8b465ee728b)
Start importing Assets/Player/Player.prefab using Guid(f114cd11767f4aa4eb69e6185c6a21a6) Importer(815301076,1909f56bfc062723c751e8b465ee728b)  -> (artifact id: '039c942b44d2262cbc57330af537e2b7') in 0.108466 seconds
  Import took 0.110791 seconds .

========================================================================
Received Import Request.
  Time since last request: 24.321116 seconds.
  path: Assets/Player/HUD/HUD.prefab
  artifactKey: Guid(56767d3232062c843b839fe3854d7279) Importer(815301076,1909f56bfc062723c751e8b465ee728b)
Start importing Assets/Player/HUD/HUD.prefab using Guid(56767d3232062c843b839fe3854d7279) Importer(815301076,1909f56bfc062723c751e8b465ee728b)  -> (artifact id: '44d9eda43027e241d20c45fef60287ce') in 0.016409 seconds
  Import took 0.018573 seconds .

========================================================================
Received Import Request.
  Time since last request: 0.000515 seconds.
  path: Assets/Player/HUD/HUD.prefab
  artifactKey: Guid(56767d3232062c843b839fe3854d7279) Importer(815301076,1909f56bfc062723c751e8b465ee728b)
Start importing Assets/Player/HUD/HUD.prefab using Guid(56767d3232062c843b839fe3854d7279) Importer(815301076,1909f56bfc062723c751e8b465ee728b)  -> (artifact id: '44d9eda43027e241d20c45fef60287ce') in 0.014305 seconds
  Import took 0.016516 seconds .

========================================================================
Received Import Request.
  Time since last request: 2.293912 seconds.
  path: Assets/Player/Player 1.prefab
  artifactKey: Guid(fa7dd47a5d6468044b685df1079181bb) Importer(815301076,1909f56bfc062723c751e8b465ee728b)
Start importing Assets/Player/Player 1.prefab using Guid(fa7dd47a5d6468044b685df1079181bb) Importer(815301076,1909f56bfc062723c751e8b465ee728b)  -> (artifact id: '69b3ec8c5a5458ab578797c2db17005f') in 0.022795 seconds
  Import took 0.025295 seconds .

========================================================================
Received Import Request.
  Time since last request: 8.383281 seconds.
  path: Assets/Player/Player.prefab
  artifactKey: Guid(fa7dd47a5d6468044b685df1079181bb) Importer(815301076,1909f56bfc062723c751e8b465ee728b)
Start importing Assets/Player/Player.prefab using Guid(fa7dd47a5d6468044b685df1079181bb) Importer(815301076,1909f56bfc062723c751e8b465ee728b)  -> (artifact id: 'fc54197c45fdadc32f1bcea4ec27bad5') in 0.027787 seconds
  Import took 0.030044 seconds .

========================================================================
Received Prepare
Registering precompiled user dll's ...
Registered in 0.000749 seconds.
Begin MonoManager ReloadAssembly
Native extension for WindowsStandalone target not found
Native extension for WebGL target not found
Refreshing native plugins compatible for Editor in 0.25 ms, found 0 plugins.
Preloading 0 native plugins for Editor in 0.00 ms.
Invoked RoslynAnalysisRunner static constructor.
RoslynAnalysisRunner will not be running.
RoslynAnalysisRunner has terminated.
Mono: successfully reloaded assembly
- Completed reload, in  0.681 seconds
Platform modules already initialized, skipping
Refreshing native plugins compatible for Editor in 0.23 ms, found 0 plugins.
Preloading 0 native plugins for Editor in 0.00 ms.
Unloading 1130 Unused Serialized files (Serialized files now loaded: 0)
System memory in use before: 79.8 MB.
System memory in use after: 79.9 MB.

Unloading 5 unused Assets to reduce memory usage. Loaded Objects now: 1614.
Total: 1.478700 ms (FindLiveObjects: 0.142000 ms CreateObjectMapping: 0.026100 ms MarkObjects: 1.255900 ms  DeleteObjects: 0.053900 ms)

========================================================================
Received Import Request.
  Time since last request: 369.549289 seconds.
  path: Assets/WorldObject/TeamColor.cs
  artifactKey: Guid(422b8f5c4261a1b43be932bc84ed7582) Importer(815301076,1909f56bfc062723c751e8b465ee728b)
Start importing Assets/WorldObject/TeamColor.cs using Guid(422b8f5c4261a1b43be932bc84ed7582) Importer(815301076,1909f56bfc062723c751e8b465ee728b)  -> (artifact id: 'd1cd1e53a523e043299342cc8b575953') in 0.004509 seconds
  Import took 0.006535 seconds .

========================================================================
Received Prepare
Registering precompiled user dll's ...
Registered in 0.000821 seconds.
Begin MonoManager ReloadAssembly
Native extension for WindowsStandalone target not found
Native extension for WebGL target not found
Refreshing native plugins compatible for Editor in 0.21 ms, found 0 plugins.
Preloading 0 native plugins for Editor in 0.00 ms.
Invoked RoslynAnalysisRunner static constructor.
RoslynAnalysisRunner will not be running.
RoslynAnalysisRunner has terminated.
Mono: successfully reloaded assembly
- Completed reload, in  0.701 seconds
Platform modules already initialized, skipping
Refreshing native plugins compatible for Editor in 0.23 ms, found 0 plugins.
Preloading 0 native plugins for Editor in 0.00 ms.
Unloading 1131 Unused Serialized files (Serialized files now loaded: 0)
System memory in use before: 79.8 MB.
System memory in use after: 79.9 MB.

Unloading 5 unused Assets to reduce memory usage. Loaded Objects now: 1618.
Total: 1.380600 ms (FindLiveObjects: 0.130900 ms CreateObjectMapping: 0.026200 ms MarkObjects: 1.175800 ms  DeleteObjects: 0.047000 ms)

========================================================================
Received Import Request.
  Time since last request: 81.201157 seconds.
  path: Assets/WorldObject/TeamColor.cs
  artifactKey: Guid(422b8f5c4261a1b43be932bc84ed7582) Importer(815301076,1909f56bfc062723c751e8b465ee728b)
Start importing Assets/WorldObject/TeamColor.cs using Guid(422b8f5c4261a1b43be932bc84ed7582) Importer(815301076,1909f56bfc062723c751e8b465ee728b)  -> (artifact id: 'a9327e9355f279ca02ec23dda68dd3c8') in 0.003755 seconds
  Import took 0.005575 seconds .

========================================================================
Received Import Request.
  Time since last request: 149.456490 seconds.
  path: Assets/WorldObject/Unit/Worker/Worker Variant.prefab
  artifactKey: Guid(dfca502225cc8ec498da1de19c70491b) Importer(815301076,1909f56bfc062723c751e8b465ee728b)
Start importing Assets/WorldObject/Unit/Worker/Worker Variant.prefab using Guid(dfca502225cc8ec498da1de19c70491b) Importer(815301076,1909f56bfc062723c751e8b465ee728b)  -> (artifact id: '6cd25f0150eb2c63073a5ef9de2ded78') in 0.053898 seconds
  Import took 0.056280 seconds .

========================================================================
Received Import Request.
  Time since last request: 25.114374 seconds.
  path: Assets/WorldObject/Unit/Worker/Worker 1.prefab
  artifactKey: Guid(06f24ab3adf80374b878d4be1eb89f6b) Importer(815301076,1909f56bfc062723c751e8b465ee728b)
Start importing Assets/WorldObject/Unit/Worker/Worker 1.prefab using Guid(06f24ab3adf80374b878d4be1eb89f6b) Importer(815301076,1909f56bfc062723c751e8b465ee728b)  -> (artifact id: '0623b5a3841b0f58abc8d629c219cada') in 0.011859 seconds
  Import took 0.013898 seconds .

========================================================================
Received Import Request.
  Time since last request: 4.831252 seconds.
  path: Assets/WorldObject/Unit/Worker/Worker.prefab
  artifactKey: Guid(06f24ab3adf80374b878d4be1eb89f6b) Importer(815301076,1909f56bfc062723c751e8b465ee728b)
Start importing Assets/WorldObject/Unit/Worker/Worker.prefab using Guid(06f24ab3adf80374b878d4be1eb89f6b) Importer(815301076,1909f56bfc062723c751e8b465ee728b)  -> (artifact id: '6e44df92a5a261cf2eb079f83ab35765') in 0.011520 seconds
  Import took 0.013512 seconds .

========================================================================
Received Import Request.
  Time since last request: 15.722605 seconds.
  path: Assets/WorldObject/Unit/Tank/Tank 1.prefab
  artifactKey: Guid(edcc3c48b42a1d94986be78c8cafe0b0) Importer(815301076,1909f56bfc062723c751e8b465ee728b)
Start importing Assets/WorldObject/Unit/Tank/Tank 1.prefab using Guid(edcc3c48b42a1d94986be78c8cafe0b0) Importer(815301076,1909f56bfc062723c751e8b465ee728b)  -> (artifact id: 'b28e951431337a7e818d8348461627b3') in 0.012192 seconds
  Import took 0.014233 seconds .

========================================================================
Received Import Request.
  Time since last request: 8.753287 seconds.
  path: Assets/WorldObject/Unit/Tank/Tank.prefab
  artifactKey: Guid(edcc3c48b42a1d94986be78c8cafe0b0) Importer(815301076,1909f56bfc062723c751e8b465ee728b)
Start importing Assets/WorldObject/Unit/Tank/Tank.prefab using Guid(edcc3c48b42a1d94986be78c8cafe0b0) Importer(815301076,1909f56bfc062723c751e8b465ee728b)  -> (artifact id: '27f0344481e7dda8fbec227d0e6a2fb1') in 0.011127 seconds
  Import took 0.013231 seconds .

========================================================================
Received Import Request.
  Time since last request: 42.841673 seconds.
  path: Assets/WorldObject/Unit/Harvester/Harvester.prefab
  artifactKey: Guid(69f024635c249c74e9fe81af76da72c5) Importer(815301076,1909f56bfc062723c751e8b465ee728b)
Start importing Assets/WorldObject/Unit/Harvester/Harvester.prefab using Guid(69f024635c249c74e9fe81af76da72c5) Importer(815301076,1909f56bfc062723c751e8b465ee728b)  -> (artifact id: '585d437d6f613a7db66fa6ff433d91bc') in 0.014106 seconds
  Import took 0.016181 seconds .

========================================================================
Received Import Request.
  Time since last request: 3.547555 seconds.
  path: Assets/WorldObject/Unit/Harvester/Harvester 1.prefab
  artifactKey: Guid(a178718bbf180f54286f034b82dfb27f) Importer(815301076,1909f56bfc062723c751e8b465ee728b)
Start importing Assets/WorldObject/Unit/Harvester/Harvester 1.prefab using Guid(a178718bbf180f54286f034b82dfb27f) Importer(815301076,1909f56bfc062723c751e8b465ee728b)  -> (artifact id: '3c8226b6dca01f3263738bcddb688033') in 0.013036 seconds
  Import took 0.015332 seconds .

========================================================================
Received Import Request.
  Time since last request: 6.386771 seconds.
  path: Assets/WorldObject/Unit/Harvester/Harvester.prefab
  artifactKey: Guid(a178718bbf180f54286f034b82dfb27f) Importer(815301076,1909f56bfc062723c751e8b465ee728b)
Start importing Assets/WorldObject/Unit/Harvester/Harvester.prefab using Guid(a178718bbf180f54286f034b82dfb27f) Importer(815301076,1909f56bfc062723c751e8b465ee728b)  -> (artifact id: 'c9ad610451987e2e2864ec789ab21c8e') in 0.011307 seconds
  Import took 0.013461 seconds .

========================================================================
Received Import Request.
  Time since last request: 16.381967 seconds.
  path: Assets/WorldObject/Building/WarFactory/WarFactory 1.prefab
  artifactKey: Guid(597e387ff42adf542a23a6f03a89a83d) Importer(815301076,1909f56bfc062723c751e8b465ee728b)
Start importing Assets/WorldObject/Building/WarFactory/WarFactory 1.prefab using Guid(597e387ff42adf542a23a6f03a89a83d) Importer(815301076,1909f56bfc062723c751e8b465ee728b)  -> (artifact id: '733d0d2acc88a5a891b28f89595b8827') in 0.012112 seconds
  Import took 0.014168 seconds .

========================================================================
Received Import Request.
  Time since last request: 3.710681 seconds.
  path: Assets/WorldObject/Building/WarFactory/WarFactory.prefab
  artifactKey: Guid(597e387ff42adf542a23a6f03a89a83d) Importer(815301076,1909f56bfc062723c751e8b465ee728b)
Start importing Assets/WorldObject/Building/WarFactory/WarFactory.prefab using Guid(597e387ff42adf542a23a6f03a89a83d) Importer(815301076,1909f56bfc062723c751e8b465ee728b)  -> (artifact id: 'de8d0d5fbf1fe21d180d56c0305a52d0') in 0.011856 seconds
  Import took 0.014006 seconds .

========================================================================
Received Import Request.
  Time since last request: 20.039887 seconds.
  path: Assets/WorldObject/Building/Refinery/Refinery 1.prefab
  artifactKey: Guid(cb17670e0a3c96c488b3fce55aaa95fa) Importer(815301076,1909f56bfc062723c751e8b465ee728b)
Start importing Assets/WorldObject/Building/Refinery/Refinery 1.prefab using Guid(cb17670e0a3c96c488b3fce55aaa95fa) Importer(815301076,1909f56bfc062723c751e8b465ee728b)  -> (artifact id: 'bbd7613ed5e4b65358bc2e2af1c44234') in 0.012109 seconds
  Import took 0.014290 seconds .

========================================================================
Received Import Request.
  Time since last request: 6.142945 seconds.
  path: Assets/WorldObject/Building/Refinery/Refinery.prefab
  artifactKey: Guid(cb17670e0a3c96c488b3fce55aaa95fa) Importer(815301076,1909f56bfc062723c751e8b465ee728b)
Start importing Assets/WorldObject/Building/Refinery/Refinery.prefab using Guid(cb17670e0a3c96c488b3fce55aaa95fa) Importer(815301076,1909f56bfc062723c751e8b465ee728b)  -> (artifact id: 'fcc47978bda3872d5c95415abec19040') in 0.011533 seconds
  Import took 0.013608 seconds .

========================================================================
Received Import Request.
  Time since last request: 2738.440556 seconds.
  path: Assets/WorldObject/Projectile.cs
  artifactKey: Guid(a8c0168076e8f81409dca09dbe4af58c) Importer(815301076,1909f56bfc062723c751e8b465ee728b)
Start importing Assets/WorldObject/Projectile.cs using Guid(a8c0168076e8f81409dca09dbe4af58c) Importer(815301076,1909f56bfc062723c751e8b465ee728b)  -> (artifact id: '5ab60991dd3a4dabea341eb361fa0ae9') in 0.003851 seconds
  Import took 0.005907 seconds .

========================================================================
Received Import Request.
  Time since last request: 207.860976 seconds.
  path: Assets/WorldObject/Projectile.cs
  artifactKey: Guid(a8c0168076e8f81409dca09dbe4af58c) Importer(815301076,1909f56bfc062723c751e8b465ee728b)
Start importing Assets/WorldObject/Projectile.cs using Guid(a8c0168076e8f81409dca09dbe4af58c) Importer(815301076,1909f56bfc062723c751e8b465ee728b)  -> (artifact id: '96cd23befccad32cd0aac618024e3472') in 0.002306 seconds
  Import took 0.004597 seconds .

========================================================================
Received Import Request.
  Time since last request: 8.868212 seconds.
  path: Assets/WorldObject/Unit/Tank/TankProjectile.cs
  artifactKey: Guid(9a47e6256d8e1754e8091890e5eebaf0) Importer(815301076,1909f56bfc062723c751e8b465ee728b)
Start importing Assets/WorldObject/Unit/Tank/TankProjectile.cs using Guid(9a47e6256d8e1754e8091890e5eebaf0) Importer(815301076,1909f56bfc062723c751e8b465ee728b)  -> (artifact id: '873c0ff18ad1fe51cf29082c8cc02e1c') in 0.007154 seconds
  Import took 0.009164 seconds .

========================================================================
Received Import Request.
  Time since last request: 17.148731 seconds.
  path: Assets/WorldObject/Unit/Tank/TankProjectile.cs
  artifactKey: Guid(9a47e6256d8e1754e8091890e5eebaf0) Importer(815301076,1909f56bfc062723c751e8b465ee728b)
Start importing Assets/WorldObject/Unit/Tank/TankProjectile.cs using Guid(9a47e6256d8e1754e8091890e5eebaf0) Importer(815301076,1909f56bfc062723c751e8b465ee728b)  -> (artifact id: '14ede0e2b91c09c07dab784c346ca810') in 0.002680 seconds
  Import took 0.004850 seconds .

========================================================================
Received Prepare
Registering precompiled user dll's ...
Registered in 0.000766 seconds.
Begin MonoManager ReloadAssembly
Native extension for WindowsStandalone target not found
Native extension for WebGL target not found
Refreshing native plugins compatible for Editor in 0.21 ms, found 0 plugins.
Preloading 0 native plugins for Editor in 0.00 ms.
Invoked RoslynAnalysisRunner static constructor.
RoslynAnalysisRunner will not be running.
RoslynAnalysisRunner has terminated.
Mono: successfully reloaded assembly
- Completed reload, in  0.685 seconds
Platform modules already initialized, skipping
Refreshing native plugins compatible for Editor in 0.20 ms, found 0 plugins.
Preloading 0 native plugins for Editor in 0.00 ms.
Unloading 1133 Unused Serialized files (Serialized files now loaded: 0)
System memory in use before: 80.0 MB.
System memory in use after: 80.1 MB.

Unloading 6 unused Assets to reduce memory usage. Loaded Objects now: 1627.
Total: 1.744900 ms (FindLiveObjects: 0.152800 ms CreateObjectMapping: 0.027500 ms MarkObjects: 1.500600 ms  DeleteObjects: 0.062800 ms)

========================================================================
Received Import Request.
  Time since last request: 213.357192 seconds.
  path: Assets/WorldObject/Unit/Tank/TankProjectile.prefab
  artifactKey: Guid(4b105f1758cdbca48a3948fb02495e12) Importer(815301076,1909f56bfc062723c751e8b465ee728b)
Start importing Assets/WorldObject/Unit/Tank/TankProjectile.prefab using Guid(4b105f1758cdbca48a3948fb02495e12) Importer(815301076,1909f56bfc062723c751e8b465ee728b)  -> (artifact id: '7250db107fac8c62f27494b134cfa3ad') in 0.053107 seconds
  Import took 0.055138 seconds .

========================================================================
Received Prepare
Registering precompiled user dll's ...
Registered in 0.001303 seconds.
Begin MonoManager ReloadAssembly
Native extension for WindowsStandalone target not found
Native extension for WebGL target not found
Refreshing native plugins compatible for Editor in 0.21 ms, found 0 plugins.
Preloading 0 native plugins for Editor in 0.00 ms.
Invoked RoslynAnalysisRunner static constructor.
RoslynAnalysisRunner will not be running.
RoslynAnalysisRunner has terminated.
Mono: successfully reloaded assembly
- Completed reload, in  0.765 seconds
Platform modules already initialized, skipping
Refreshing native plugins compatible for Editor in 0.21 ms, found 0 plugins.
Preloading 0 native plugins for Editor in 0.00 ms.
Unloading 1133 Unused Serialized files (Serialized files now loaded: 0)
System memory in use before: 80.0 MB.
System memory in use after: 80.1 MB.

Unloading 5 unused Assets to reduce memory usage. Loaded Objects now: 1631.
Total: 1.510100 ms (FindLiveObjects: 0.140300 ms CreateObjectMapping: 0.026700 ms MarkObjects: 1.292300 ms  DeleteObjects: 0.050000 ms)

========================================================================
Received Prepare
Registering precompiled user dll's ...
Registered in 0.000702 seconds.
Begin MonoManager ReloadAssembly
Native extension for WindowsStandalone target not found
Native extension for WebGL target not found
Refreshing native plugins compatible for Editor in 0.22 ms, found 0 plugins.
Preloading 0 native plugins for Editor in 0.00 ms.
Invoked RoslynAnalysisRunner static constructor.
RoslynAnalysisRunner will not be running.
RoslynAnalysisRunner has terminated.
Mono: successfully reloaded assembly
- Completed reload, in  0.690 seconds
Platform modules already initialized, skipping
Refreshing native plugins compatible for Editor in 0.21 ms, found 0 plugins.
Preloading 0 native plugins for Editor in 0.00 ms.
Unloading 1133 Unused Serialized files (Serialized files now loaded: 0)
System memory in use before: 80.0 MB.
System memory in use after: 80.1 MB.

Unloading 5 unused Assets to reduce memory usage. Loaded Objects now: 1634.
Total: 1.551500 ms (FindLiveObjects: 0.143100 ms CreateObjectMapping: 0.027700 ms MarkObjects: 1.324600 ms  DeleteObjects: 0.055200 ms)

========================================================================
Received Prepare
Registering precompiled user dll's ...
Registered in 0.000751 seconds.
Begin MonoManager ReloadAssembly
Native extension for WindowsStandalone target not found
Native extension for WebGL target not found
Refreshing native plugins compatible for Editor in 0.22 ms, found 0 plugins.
Preloading 0 native plugins for Editor in 0.00 ms.
Invoked RoslynAnalysisRunner static constructor.
RoslynAnalysisRunner will not be running.
RoslynAnalysisRunner has terminated.
Mono: successfully reloaded assembly
- Completed reload, in  0.698 seconds
Platform modules already initialized, skipping
Refreshing native plugins compatible for Editor in 0.21 ms, found 0 plugins.
Preloading 0 native plugins for Editor in 0.00 ms.
Unloading 1133 Unused Serialized files (Serialized files now loaded: 0)
System memory in use before: 80.0 MB.
System memory in use after: 80.1 MB.

Unloading 5 unused Assets to reduce memory usage. Loaded Objects now: 1637.
Total: 1.852100 ms (FindLiveObjects: 0.158200 ms CreateObjectMapping: 0.028900 ms MarkObjects: 1.606200 ms  DeleteObjects: 0.057800 ms)

========================================================================
Received Prepare
Registering precompiled user dll's ...
Registered in 0.000730 seconds.
Begin MonoManager ReloadAssembly
Native extension for WindowsStandalone target not found
Native extension for WebGL target not found
Refreshing native plugins compatible for Editor in 0.21 ms, found 0 plugins.
Preloading 0 native plugins for Editor in 0.00 ms.
Invoked RoslynAnalysisRunner static constructor.
RoslynAnalysisRunner will not be running.
RoslynAnalysisRunner has terminated.
Mono: successfully reloaded assembly
- Completed reload, in  0.706 seconds
Platform modules already initialized, skipping
Refreshing native plugins compatible for Editor in 0.21 ms, found 0 plugins.
Preloading 0 native plugins for Editor in 0.00 ms.
Unloading 1133 Unused Serialized files (Serialized files now loaded: 0)
System memory in use before: 80.0 MB.
System memory in use after: 80.1 MB.

Unloading 5 unused Assets to reduce memory usage. Loaded Objects now: 1640.
Total: 1.417500 ms (FindLiveObjects: 0.141600 ms CreateObjectMapping: 0.027300 ms MarkObjects: 1.194100 ms  DeleteObjects: 0.053400 ms)

========================================================================
Received Prepare
Registering precompiled user dll's ...
Registered in 0.000804 seconds.
Begin MonoManager ReloadAssembly
Native extension for WindowsStandalone target not found
Native extension for WebGL target not found
Refreshing native plugins compatible for Editor in 0.22 ms, found 0 plugins.
Preloading 0 native plugins for Editor in 0.00 ms.
Invoked RoslynAnalysisRunner static constructor.
RoslynAnalysisRunner will not be running.
RoslynAnalysisRunner has terminated.
Mono: successfully reloaded assembly
- Completed reload, in  0.704 seconds
Platform modules already initialized, skipping
Refreshing native plugins compatible for Editor in 0.24 ms, found 0 plugins.
Preloading 0 native plugins for Editor in 0.00 ms.
Unloading 1133 Unused Serialized files (Serialized files now loaded: 0)
System memory in use before: 80.1 MB.
System memory in use after: 80.1 MB.

Unloading 5 unused Assets to reduce memory usage. Loaded Objects now: 1643.
Total: 1.501600 ms (FindLiveObjects: 0.152500 ms CreateObjectMapping: 0.026600 ms MarkObjects: 1.264000 ms  DeleteObjects: 0.057400 ms)

========================================================================
Received Import Request.
  Time since last request: 456.181292 seconds.
  path: Assets/WorldObject/Unit/Tank/Tank.prefab
  artifactKey: Guid(edcc3c48b42a1d94986be78c8cafe0b0) Importer(815301076,1909f56bfc062723c751e8b465ee728b)
Start importing Assets/WorldObject/Unit/Tank/Tank.prefab using Guid(edcc3c48b42a1d94986be78c8cafe0b0) Importer(815301076,1909f56bfc062723c751e8b465ee728b)  -> (artifact id: '2bacfef0f215d727e49f6236713864a1') in 0.053323 seconds
  Import took 0.055619 seconds .

========================================================================
Received Prepare
Registering precompiled user dll's ...
Registered in 0.000785 seconds.
Begin MonoManager ReloadAssembly
Native extension for WindowsStandalone target not found
Native extension for WebGL target not found
Refreshing native plugins compatible for Editor in 0.21 ms, found 0 plugins.
Preloading 0 native plugins for Editor in 0.00 ms.
Invoked RoslynAnalysisRunner static constructor.
RoslynAnalysisRunner will not be running.
RoslynAnalysisRunner has terminated.
Mono: successfully reloaded assembly
- Completed reload, in  0.699 seconds
Platform modules already initialized, skipping
Refreshing native plugins compatible for Editor in 0.21 ms, found 0 plugins.
Preloading 0 native plugins for Editor in 0.00 ms.
Unloading 1133 Unused Serialized files (Serialized files now loaded: 0)
System memory in use before: 80.1 MB.
System memory in use after: 80.2 MB.

Unloading 6 unused Assets to reduce memory usage. Loaded Objects now: 1647.
Total: 1.405900 ms (FindLiveObjects: 0.130600 ms CreateObjectMapping: 0.026900 ms MarkObjects: 1.195200 ms  DeleteObjects: 0.052500 ms)

========================================================================
Received Import Request.
  Time since last request: 8.203100 seconds.
  path: Assets/WorldObject/Unit/Tank/Tank.prefab
  artifactKey: Guid(edcc3c48b42a1d94986be78c8cafe0b0) Importer(815301076,1909f56bfc062723c751e8b465ee728b)
Start importing Assets/WorldObject/Unit/Tank/Tank.prefab using Guid(edcc3c48b42a1d94986be78c8cafe0b0) Importer(815301076,1909f56bfc062723c751e8b465ee728b)  -> (artifact id: '33a84ca714a1ed9b5ccbf8546eae514a') in 0.049441 seconds
  Import took 0.051483 seconds .

========================================================================
Received Import Request.
  Time since last request: 3.605591 seconds.
  path: Assets/WorldObject/Unit/Tank/Tank.prefab
  artifactKey: Guid(edcc3c48b42a1d94986be78c8cafe0b0) Importer(815301076,1909f56bfc062723c751e8b465ee728b)
Start importing Assets/WorldObject/Unit/Tank/Tank.prefab using Guid(edcc3c48b42a1d94986be78c8cafe0b0) Importer(815301076,1909f56bfc062723c751e8b465ee728b)  -> (artifact id: '9207f2700048f9340b01065c2536491b') in 0.010554 seconds
  Import took 0.012663 seconds .

========================================================================
Received Import Request.
  Time since last request: 2.008714 seconds.
  path: Assets/WorldObject/Unit/Tank/Tank.prefab
  artifactKey: Guid(edcc3c48b42a1d94986be78c8cafe0b0) Importer(815301076,1909f56bfc062723c751e8b465ee728b)
Start importing Assets/WorldObject/Unit/Tank/Tank.prefab using Guid(edcc3c48b42a1d94986be78c8cafe0b0) Importer(815301076,1909f56bfc062723c751e8b465ee728b)  -> (artifact id: '991850836345aea348c84cf43d35a4bc') in 0.011529 seconds
  Import took 0.013603 seconds .

========================================================================
Received Import Request.
  Time since last request: 0.019052 seconds.
  path: Assets/WorldObject/Unit/Tank/Tank.prefab
  artifactKey: Guid(edcc3c48b42a1d94986be78c8cafe0b0) Importer(815301076,1909f56bfc062723c751e8b465ee728b)
Start importing Assets/WorldObject/Unit/Tank/Tank.prefab using Guid(edcc3c48b42a1d94986be78c8cafe0b0) Importer(815301076,1909f56bfc062723c751e8b465ee728b)  -> (artifact id: '991850836345aea348c84cf43d35a4bc') in 0.007593 seconds
  Import took 0.009840 seconds .

========================================================================
Received Import Request.
  Time since last request: 21.891935 seconds.
  path: Assets/WorldObject/Unit/Tank/TankProjectile.prefab
  artifactKey: Guid(4b105f1758cdbca48a3948fb02495e12) Importer(815301076,1909f56bfc062723c751e8b465ee728b)
Start importing Assets/WorldObject/Unit/Tank/TankProjectile.prefab using Guid(4b105f1758cdbca48a3948fb02495e12) Importer(815301076,1909f56bfc062723c751e8b465ee728b) The same field name is serialized multiple times in the class or its parent class. This is not supported: Base(MonoBehaviour) velocity

The same field name is serialized multiple times in the class or its parent class. This is not supported: Base(MonoBehaviour) damage

 -> (artifact id: 'd5b1d628659a9a58e8463fa29152c1e8') in 0.008439 seconds
  Import took 0.010575 seconds .

========================================================================
Received Prepare
Registering precompiled user dll's ...
Registered in 0.000829 seconds.
Begin MonoManager ReloadAssembly
Native extension for WindowsStandalone target not found
Native extension for WebGL target not found
Refreshing native plugins compatible for Editor in 0.24 ms, found 0 plugins.
Preloading 0 native plugins for Editor in 0.00 ms.
Invoked RoslynAnalysisRunner static constructor.
RoslynAnalysisRunner will not be running.
RoslynAnalysisRunner has terminated.
Mono: successfully reloaded assembly
- Completed reload, in  0.685 seconds
Platform modules already initialized, skipping
Refreshing native plugins compatible for Editor in 0.21 ms, found 0 plugins.
Preloading 0 native plugins for Editor in 0.00 ms.
Unloading 1133 Unused Serialized files (Serialized files now loaded: 0)
System memory in use before: 80.2 MB.
System memory in use after: 80.3 MB.

Unloading 6 unused Assets to reduce memory usage. Loaded Objects now: 1651.
Total: 1.416100 ms (FindLiveObjects: 0.131400 ms CreateObjectMapping: 0.026800 ms MarkObjects: 1.206600 ms  DeleteObjects: 0.050500 ms)

========================================================================
Received Import Request.
  Time since last request: 8.844364 seconds.
  path: Assets/WorldObject/Unit/Tank/TankProjectile.prefab
  artifactKey: Guid(4b105f1758cdbca48a3948fb02495e12) Importer(815301076,1909f56bfc062723c751e8b465ee728b)
Start importing Assets/WorldObject/Unit/Tank/TankProjectile.prefab using Guid(4b105f1758cdbca48a3948fb02495e12) Importer(815301076,1909f56bfc062723c751e8b465ee728b) The same field name is serialized multiple times in the class or its parent class. This is not supported: Base(MonoBehaviour) velocity

The same field name is serialized multiple times in the class or its parent class. This is not supported: Base(MonoBehaviour) damage

 -> (artifact id: '0fa497fb4192c72d3b360559bd729f33') in 0.047722 seconds
  Import took 0.049792 seconds .

========================================================================
Received Import Request.
  Time since last request: 1.440603 seconds.
  path: Assets/WorldObject/Unit/Tank/TankProjectile.prefab
  artifactKey: Guid(4b105f1758cdbca48a3948fb02495e12) Importer(815301076,1909f56bfc062723c751e8b465ee728b)
Start importing Assets/WorldObject/Unit/Tank/TankProjectile.prefab using Guid(4b105f1758cdbca48a3948fb02495e12) Importer(815301076,1909f56bfc062723c751e8b465ee728b)  -> (artifact id: '6127a333250f0c68a67ad297fdb0ca28') in 0.011005 seconds
  Import took 0.013017 seconds .

========================================================================
Received Prepare
Registering precompiled user dll's ...
Registered in 0.000802 seconds.
Begin MonoManager ReloadAssembly
Native extension for WindowsStandalone target not found
Native extension for WebGL target not found
Refreshing native plugins compatible for Editor in 0.21 ms, found 0 plugins.
Preloading 0 native plugins for Editor in 0.00 ms.
Invoked RoslynAnalysisRunner static constructor.
RoslynAnalysisRunner will not be running.
RoslynAnalysisRunner has terminated.
Mono: successfully reloaded assembly
- Completed reload, in  0.707 seconds
Platform modules already initialized, skipping
Refreshing native plugins compatible for Editor in 0.20 ms, found 0 plugins.
Preloading 0 native plugins for Editor in 0.00 ms.
Unloading 1133 Unused Serialized files (Serialized files now loaded: 0)
System memory in use before: 80.2 MB.
System memory in use after: 80.3 MB.

Unloading 5 unused Assets to reduce memory usage. Loaded Objects now: 1655.
Total: 1.400100 ms (FindLiveObjects: 0.136900 ms CreateObjectMapping: 0.026900 ms MarkObjects: 1.185600 ms  DeleteObjects: 0.050000 ms)

========================================================================
Received Import Request.
  Time since last request: 11.316511 seconds.
  path: Assets/WorldObject/Unit/Tank/TankProjectile.prefab
  artifactKey: Guid(4b105f1758cdbca48a3948fb02495e12) Importer(815301076,1909f56bfc062723c751e8b465ee728b)
Start importing Assets/WorldObject/Unit/Tank/TankProjectile.prefab using Guid(4b105f1758cdbca48a3948fb02495e12) Importer(815301076,1909f56bfc062723c751e8b465ee728b)  -> (artifact id: '4d80891e9a134994484eb45a5f3b128a') in 0.048316 seconds
  Import took 0.050363 seconds .

========================================================================
Received Prepare
Registering precompiled user dll's ...
Registered in 0.000820 seconds.
Begin MonoManager ReloadAssembly
Native extension for WindowsStandalone target not found
Native extension for WebGL target not found
Refreshing native plugins compatible for Editor in 0.25 ms, found 0 plugins.
Preloading 0 native plugins for Editor in 0.00 ms.
Invoked RoslynAnalysisRunner static constructor.
RoslynAnalysisRunner will not be running.
RoslynAnalysisRunner has terminated.
Mono: successfully reloaded assembly
- Completed reload, in  0.694 seconds
Platform modules already initialized, skipping
Refreshing native plugins compatible for Editor in 0.21 ms, found 0 plugins.
Preloading 0 native plugins for Editor in 0.00 ms.
Unloading 1133 Unused Serialized files (Serialized files now loaded: 0)
System memory in use before: 80.3 MB.
System memory in use after: 80.3 MB.

Unloading 5 unused Assets to reduce memory usage. Loaded Objects now: 1659.
Total: 1.520700 ms (FindLiveObjects: 0.200600 ms CreateObjectMapping: 0.052500 ms MarkObjects: 1.207700 ms  DeleteObjects: 0.059000 ms)

========================================================================
Received Import Request.
  Time since last request: 22.888604 seconds.
  path: Assets/WorldObject/Unit/Tank/TankProjectile.prefab
  artifactKey: Guid(4b105f1758cdbca48a3948fb02495e12) Importer(815301076,1909f56bfc062723c751e8b465ee728b)
Start importing Assets/WorldObject/Unit/Tank/TankProjectile.prefab using Guid(4b105f1758cdbca48a3948fb02495e12) Importer(815301076,1909f56bfc062723c751e8b465ee728b)  -> (artifact id: '4c2d0f85b772228c9eec861d0f595568') in 0.047998 seconds
  Import took 0.050157 seconds .

========================================================================
Received Import Request.
  Time since last request: 0.811221 seconds.
  path: Assets/WorldObject/Unit/Tank/TankProjectile.prefab
  artifactKey: Guid(4b105f1758cdbca48a3948fb02495e12) Importer(815301076,1909f56bfc062723c751e8b465ee728b)
Start importing Assets/WorldObject/Unit/Tank/TankProjectile.prefab using Guid(4b105f1758cdbca48a3948fb02495e12) Importer(815301076,1909f56bfc062723c751e8b465ee728b)  -> (artifact id: '4c2d0f85b772228c9eec861d0f595568') in 0.007339 seconds
  Import took 0.009283 seconds .

========================================================================
Received Prepare
Registering precompiled user dll's ...
Registered in 0.000737 seconds.
Begin MonoManager ReloadAssembly
Native extension for WindowsStandalone target not found
Native extension for WebGL target not found
Refreshing native plugins compatible for Editor in 0.22 ms, found 0 plugins.
Preloading 0 native plugins for Editor in 0.00 ms.
Invoked RoslynAnalysisRunner static constructor.
RoslynAnalysisRunner will not be running.
RoslynAnalysisRunner has terminated.
Mono: successfully reloaded assembly
- Completed reload, in  0.696 seconds
Platform modules already initialized, skipping
Refreshing native plugins compatible for Editor in 0.20 ms, found 0 plugins.
Preloading 0 native plugins for Editor in 0.00 ms.
Unloading 1133 Unused Serialized files (Serialized files now loaded: 0)
System memory in use before: 80.3 MB.
System memory in use after: 80.3 MB.

Unloading 5 unused Assets to reduce memory usage. Loaded Objects now: 1663.
Total: 1.609700 ms (FindLiveObjects: 0.135700 ms CreateObjectMapping: 0.026300 ms MarkObjects: 1.394800 ms  DeleteObjects: 0.052100 ms)

========================================================================
Received Prepare
Registering precompiled user dll's ...
Registered in 0.000783 seconds.
Begin MonoManager ReloadAssembly
Native extension for WindowsStandalone target not found
Native extension for WebGL target not found
Refreshing native plugins compatible for Editor in 0.21 ms, found 0 plugins.
Preloading 0 native plugins for Editor in 0.00 ms.
Invoked RoslynAnalysisRunner static constructor.
RoslynAnalysisRunner will not be running.
RoslynAnalysisRunner has terminated.
Mono: successfully reloaded assembly
- Completed reload, in  0.719 seconds
Platform modules already initialized, skipping
Refreshing native plugins compatible for Editor in 0.20 ms, found 0 plugins.
Preloading 0 native plugins for Editor in 0.00 ms.
Unloading 1133 Unused Serialized files (Serialized files now loaded: 0)
System memory in use before: 80.3 MB.
System memory in use after: 80.3 MB.

Unloading 5 unused Assets to reduce memory usage. Loaded Objects now: 1666.
Total: 1.423800 ms (FindLiveObjects: 0.150700 ms CreateObjectMapping: 0.027500 ms MarkObjects: 1.188000 ms  DeleteObjects: 0.056900 ms)

AssetImportWorkerClient::OnTransportError - code=2 error=End of file
